<?xml version="1.0" encoding="UTF-8"?>
<testsuite name="EventsStatisticTest" tests="4" skipped="0" failures="0" errors="0" timestamp="2022-04-15T10:58:07" hostname="DESKTOP-6HT83J3" time="0.037">
  <properties/>
  <testcase name="randomTest()" classname="EventsStatisticTest" time="0.032"/>
  <testcase name="deleteAllEventsTest()" classname="EventsStatisticTest" time="0.0"/>
  <testcase name="getEventStatisticByNameTest()" classname="EventsStatisticTest" time="0.001"/>
  <testcase name="getAllEventsStatisticTest()" classname="EventsStatisticTest" time="0.001"/>
  <system-out><![CDATA[]]></system-out>
  <system-err><![CDATA[]]></system-err>
</testsuite>
